Alice has been added as a Zoo Keeper.
Bob has been added as a Veterinarian.
Charlie has been added as a Zoo Keeper.
Попугай has been added to the zoo.
Киви has been added to the zoo.
Жираф has been added to the zoo.
Ондатра has been added to the zoo.
Лев has been added to the zoo.
Питон has been added to the zoo.
Alice is now responsible for Попугай.
Alice is now responsible for Питон.
Alice is now responsible for Киви.
Charlie is now responsible for Лев.
Charlie is now responsible for Питон.
Charlie is now responsible for Жираф.
Bob is now responsible for Лев.
Bob is now responsible for Питон.
Bob is now responsible for Киви.
Bob is now responsible for Жираф.
======= День 0 =========
Alice is feeding Попугай.
Попугай поел. Вес 3.0
Alice is feeding Питон.
Питон поел. Вес 12.0
Alice is feeding Киви.
Киви поел. Вес 3.0
Charlie is feeding Лев.
Лев поел. Вес 30.0
Charlie is feeding Питон.
Питон поел. Вес 11.0
Charlie is feeding Жираф.
Жираф поел. Вес 30.0
 Питон болен. Температура 37.5  
======= День 1 =========
Alice is feeding Попугай.
Попугай поел. Вес 2.88
Alice is feeding Питон.
Питон поел. Вес 11.1
Alice is feeding Киви.
Киви поел. Вес 2.88
Bob лечит Питон.
Питон здоров . Питон says:  шшшшш!
Charlie is feeding Лев.
Лев поел. Вес 28.75
Charlie is feeding Питон.
Питон поел. Вес 10.1
Charlie is feeding Жираф.
Жираф поел. Вес 28.75
 Жираф болен. Температура 37.0  
 Лев болен. Температура 38.4  
======= День 2 =========
Alice is feeding Попугай.
Попугай поел. Вес 2.75
Alice is feeding Питон.
Питон поел. Вес 9.6
Alice is feeding Киви.
Киви поел. Вес 2.75
Bob лечит Лев.
Лев выздоравливает . Температура 37.4
Bob лечит Жираф.
Жираф здоров . Жираф says: Фрх-ру!
Charlie is feeding Лев.
Лев поел. Вес 31.25
Charlie is feeding Питон.
Питон поел. Вес 8.6
Charlie is feeding Жираф.
Жираф поел. Вес 27.75
 Лев болен. Температура 37.4  
Питон  ЛОПНУЛ! от переедания 
Питон помер :(  Исключаем Питон из списков....
======= День 3 =========
Alice is feeding Попугай.
Попугай поел. Вес 2.62
Alice is feeding Киви.
Киви поел. Вес 2.62
Bob лечит Лев.
Лев здоров . Лев says: Фрх-ру!
Charlie is feeding Лев.
Лев поел. Вес 31.25
Charlie is feeding Жираф.
Жираф поел. Вес 26.5
 Попугай болен. Температура 37.6  
 Жираф болен. Температура 37.1  
 Ондатра болен. Температура 37.8  
======= День 4 =========
Alice is feeding Попугай.
Попугай поел. Вес 2.67
Alice is feeding Киви.
Киви поел. Вес 2.5
Bob лечит Жираф.
Жираф здоров . Жираф says: Фрх-ру!
Charlie is feeding Лев.
Лев поел. Вес 30.0
Charlie is feeding Жираф.
Жираф поел. Вес 25.75
 Попугай болен. Температура 37.6  
 Киви болен. Температура 38.3  
 Ондатра болен. Температура 37.8  
======= День 5 =========
Alice is feeding Попугай.
Попугай поел. Вес 2.73
Alice is feeding Киви.
Киви поел. Вес 2.73
Bob лечит Киви.
Киви выздоравливает . Температура 37.3
Charlie is feeding Лев.
Лев поел. Вес 28.75
Charlie is feeding Жираф.
Жираф поел. Вес 24.5
 Попугай болен. Температура 37.6  
 Киви болен. Температура 37.3  
 Ондатра болен. Температура 37.8  
======= День 6 =========
Alice is feeding Попугай.
Попугай поел. Вес 2.77
Alice is feeding Киви.
Киви поел. Вес 2.7
Bob лечит Киви.
Киви здоров . Киви says: Чик-чирик!
Charlie is feeding Лев.
Лев поел. Вес 27.5
Charlie is feeding Жираф.
Жираф поел. Вес 23.25
 Попугай болен. Температура 37.6  
 Киви болен. Температура 37.1  
Жираф  ЛОПНУЛ! от переедания 
Жираф помер :(  Исключаем Жираф из списков....
======= День 7 =========
Alice is feeding Попугай.
Попугай поел. Вес 2.83
Alice is feeding Киви.
Киви поел. Вес 2.62
Bob лечит Киви.
Киви здоров . Киви says: Чик-чирик!
Charlie is feeding Лев.
Лев поел. Вес 26.25
 Попугай болен. Температура 37.6  
 Ондатра болен. Температура 38.2  
Ондатра  умер от болезней и тоски  :( 
Ондатра помер :(  Исключаем Ондатра из списков....
======= День 8 =========
Alice is feeding Попугай.
Попугай поел. Вес 2.88
Alice is feeding Киви.
Киви поел. Вес 2.5
Charlie is feeding Лев.
Лев поел. Вес 23.75
 Попугай болен. Температура 37.6  
 Лев болен. Температура 38.7  
======= День 9 =========
Alice is feeding Попугай.
Попугай поел. Вес 2.92
Alice is feeding Киви.
Киви поел. Вес 2.38
Bob лечит Лев.
Лев выздоравливает . Температура 37.7
Charlie is feeding Лев.
Лев поел. Вес 27.0
 Попугай болен. Температура 37.6  
 Лев болен. Температура 37.7  
======= День 10 =========
Alice is feeding Попугай.
Попугай поел. Вес 2.98
Alice is feeding Киви.
Киви поел. Вес 2.25
Bob лечит Лев.
Лев здоров . Лев says: Фрх-ру!
Charlie is feeding Лев.
Лев поел. Вес 27.75
 Попугай болен. Температура 39.5  
Киви  ЛОПНУЛ! от переедания 
Киви помер :(  Исключаем Киви из списков....
======= День 11 =========
Alice is feeding Попугай.
Попугай поел. Вес 3.5
Charlie is feeding Лев.
Лев поел. Вес 25.25
 Попугай болен. Температура 39.5  
======= День 12 =========
Alice is feeding Попугай.
Попугай поел. Вес 4.03
Charlie is feeding Лев.
Лев поел. Вес 24.0
 Попугай болен. Температура 39.5  
 Лев болен. Температура 38.5  
======= День 13 =========
Alice is feeding Попугай.
Попугай поел. Вес 4.55
Bob лечит Лев.
Лев выздоравливает . Температура 37.5
Charlie is feeding Лев.
Лев поел. Вес 26.75
 Попугай болен. Температура 39.5  
Попугай  умер от болезней и тоски  :( 
Попугай помер :(  Исключаем Попугай из списков....
======= День 14 =========
Bob лечит Лев.
Лев здоров . Лев says: Фрх-ру!
Charlie is feeding Лев.
Лев поел. Вес 24.25
======= День 15 =========
Charlie is feeding Лев.
Лев поел. Вес 23.0
Лев  ЛОПНУЛ! от переедания 
Лев помер :(  Исключаем Лев из списков....
В общем, все умерли :(....  Зоопарк закрывается
