Бой начался между Фродо и Гоблин!

Фродо бьёт мечом и наносит 28 урона!
Гоблин получил 14.0 урона! Осталось здоровья: 86.0
Гоблин кусает Фродо на  6 дюймов ! 
Фродо  ранен и потерял  6% крови! Только 94% осталось 
Фродо бьёт мечом и наносит 22 урона!
Гоблин получил 11.0 урона! Осталось здоровья: 75.0
Гоблин кусает Фродо на  9 дюймов ! 
Фродо  ранен и потерял  9% крови! Только 85% осталось 
Фродо бьёт мечом и наносит 18 урона!
Гоблин получил 9.0 урона! Осталось здоровья: 66.0
Гоблин кусает Фродо на  14 дюймов ! 
Фродо  ранен и потерял  14% крови! Только 71% осталось 
Фродо бьёт мечом и наносит 28 урона!
Гоблин получил 14.0 урона! Осталось здоровья: 52.0
Гоблин кусает Фродо на  6 дюймов ! 
Фродо  ранен и потерял  6% крови! Только 65% осталось 
Фродо бьёт мечом и наносит 20 урона!
Гоблин получил 10.0 урона! Осталось здоровья: 42.0
Гоблин кусает Фродо на  14 дюймов ! 
Фродо  ранен и потерял  14% крови! Только 51% осталось 
Фродо бьёт мечом и наносит 15 урона!
Гоблин получил 7.5 урона! Осталось здоровья: 34.5
Гоблин кусает Фродо на  11 дюймов ! 
Фродо  ранен и потерял  11% крови! Только 40% осталось 
Фродо бьёт мечом и наносит 26 урона!
Гоблин получил 13.0 урона! Осталось здоровья: 21.5
Гоблин кусает Фродо на  11 дюймов ! 
Фродо  ранен и потерял  11% крови! Только 29% осталось 
Фродо бьёт мечом и наносит 21 урона!
Гоблин получил 10.5 урона! Осталось здоровья: 11.0
Гоблин кусает Фродо на  7 дюймов ! 
Фродо  ранен и потерял  7% крови! Только 22% осталось 
Фродо бьёт мечом и наносит 25 урона!
Гоблин получил 12.5 урона! Осталось здоровья: 0
Гоблин повержен!
Истощенные противники восстанавливают силы
Фродо подкрепился. Сила выросла до 61 % 
Гоблин зализывает раны. Силы выросли  до 25 
Фродо сменил оружие на Bow.
Бой начался между Фродо и Гоблин!

Фродо стреляет из лука и наносит 24 урона!
Гоблин получил 12.0 урона! Осталось здоровья: 13.0
Гоблин кусает Фродо на  5 дюймов ! 
Фродо  ранен и потерял  5% крови! Только 56% осталось 
Фродо стреляет из лука и наносит 14 урона!
Гоблин получил 7.0 урона! Осталось здоровья: 6.0
Гоблин кусает Фродо на  10 дюймов ! 
Фродо  ранен и потерял  10% крови! Только 46% осталось 
Фродо стреляет из лука и наносит 14 урона!
Гоблин получил 7.0 урона! Осталось здоровья: 0
Гоблин повержен!
